<?xml version="1.0" encoding="UTF-8"?>
<testng-results skipped="0" failed="0" ignored="0" total="1" passed="1">
  <reporter-output>
  </reporter-output>
  <suite name="Default suite" duration-ms="377" started-at="2022-11-18T09:48:38 CST" finished-at="2022-11-18T09:48:39 CST">
    <groups>
    </groups>
    <test name="Default test" duration-ms="377" started-at="2022-11-18T09:48:38 CST" finished-at="2022-11-18T09:48:39 CST">
      <class name="Test.FormTests">
        <test-method status="PASS" signature="setting()[pri:0, instance:Test.FormTests@5e17553a]" name="setting" is-config="true" duration-ms="1462" started-at="2022-11-18T09:48:37 CST" finished-at="2022-11-18T09:48:38 CST">
          <reporter-output>
          </reporter-output>
        </test-method> <!-- setting -->
        <test-method status="PASS" signature="submitForm()[pri:0, instance:Test.FormTests@5e17553a]" name="submitForm" duration-ms="332" started-at="2022-11-18T09:48:38 CST" finished-at="2022-11-18T09:48:39 CST">
          <reporter-output>
          </reporter-output>
        </test-method> <!-- submitForm -->
        <test-method status="PASS" signature="cleanUp()[pri:0, instance:Test.FormTests@5e17553a]" name="cleanUp" is-config="true" duration-ms="190" started-at="2022-11-18T09:48:39 CST" finished-at="2022-11-18T09:48:39 CST">
          <reporter-output>
          </reporter-output>
        </test-method> <!-- cleanUp -->
      </class> <!-- Test.FormTests -->
    </test> <!-- Default test -->
  </suite> <!-- Default suite -->
</testng-results>
